Release 14.7 - xst P.20131013 (nt64)
Copyright (c) 1995-2013 Xilinx, Inc.  All rights reserved.
--> Parameter TMPDIR set to xst/projnav.tmp


Total REAL time to Xst completion: 0.00 secs
Total CPU time to Xst completion: 0.10 secs
 
--> Parameter xsthdpdir set to xst


Total REAL time to Xst completion: 0.00 secs
Total CPU time to Xst completion: 0.10 secs
 
--> Reading design: regfile.prj

TABLE OF CONTENTS
  1) Synthesis Options Summary
  2) HDL Compilation
  3) Design Hierarchy Analysis
  4) HDL Analysis
  5) HDL Synthesis
     5.1) HDL Synthesis Report
  6) Advanced HDL Synthesis
     6.1) Advanced HDL Synthesis Report
  7) Low Level Synthesis
  8) Partition Report
  9) Final Report
	9.1) Device utilization summary
	9.2) Partition Resource Summary
	9.3) TIMING REPORT


=========================================================================
*                      Synthesis Options Summary                        *
=========================================================================
---- Source Parameters
Input File Name                    : "regfile.prj"
Input Format                       : mixed
Ignore Synthesis Constraint File   : NO

---- Target Parameters
Output File Name                   : "regfile"
Output Format                      : NGC
Target Device                      : xc3s500e-4-fg320

---- Source Options
Top Module Name                    : regfile
Automatic FSM Extraction           : YES
FSM Encoding Algorithm             : Auto
Safe Implementation                : No
FSM Style                          : LUT
RAM Extraction                     : Yes
RAM Style                          : Auto
ROM Extraction                     : Yes
Mux Style                          : Auto
Decoder Extraction                 : YES
Priority Encoder Extraction        : Yes
Shift Register Extraction          : YES
Logical Shifter Extraction         : YES
XOR Collapsing                     : YES
ROM Style                          : Auto
Mux Extraction                     : Yes
Resource Sharing                   : YES
Asynchronous To Synchronous        : NO
Multiplier Style                   : Auto
Automatic Register Balancing       : No

---- Target Options
Add IO Buffers                     : YES
Global Maximum Fanout              : 100000
Add Generic Clock Buffer(BUFG)     : 24
Register Duplication               : YES
Slice Packing                      : YES
Optimize Instantiated Primitives   : NO
Use Clock Enable                   : Yes
Use Synchronous Set                : Yes
Use Synchronous Reset              : Yes
Pack IO Registers into IOBs        : Auto
Equivalent register Removal        : YES

---- General Options
Optimization Goal                  : Speed
Optimization Effort                : 1
Keep Hierarchy                     : No
Netlist Hierarchy                  : As_Optimized
RTL Output                         : Yes
Global Optimization                : AllClockNets
Read Cores                         : YES
Write Timing Constraints           : NO
Cross Clock Analysis               : NO
Hierarchy Separator                : /
Bus Delimiter                      : <>
Case Specifier                     : Maintain
Slice Utilization Ratio            : 100
BRAM Utilization Ratio             : 100
Verilog 2001                       : YES
Auto BRAM Packing                  : NO
Slice Utilization Ratio Delta      : 5

=========================================================================


=========================================================================
*                          HDL Compilation                              *
=========================================================================
Compiling verilog file "regfile.v" in library work
Module <regfile> compiled
No errors in compilation
Analysis of file <"regfile.prj"> succeeded.
 

=========================================================================
*                     Design Hierarchy Analysis                         *
=========================================================================
Analyzing hierarchy for module <regfile> in library <work>.


=========================================================================
*                            HDL Analysis                               *
=========================================================================
Analyzing top module <regfile>.
Module <regfile> is correct for synthesis.
 

=========================================================================
*                           HDL Synthesis                               *
=========================================================================

Performing bidirectional port resolution...

Synthesizing Unit <regfile>.
    Related source file is "regfile.v".
    Found 4-bit register for signal <OutR1>.
    Found 4-bit register for signal <OutR2>.
    Found 4-bit register for signal <n0>.
    Found 4-bit register for signal <n1>.
    Found 4-bit register for signal <n10>.
    Found 4-bit register for signal <n11>.
    Found 4-bit register for signal <n12>.
    Found 4-bit register for signal <n13>.
    Found 4-bit register for signal <n14>.
    Found 4-bit register for signal <n15>.
    Found 4-bit register for signal <n2>.
    Found 4-bit register for signal <n3>.
    Found 4-bit register for signal <n4>.
    Found 4-bit register for signal <n5>.
    Found 4-bit register for signal <n6>.
    Found 4-bit register for signal <n7>.
    Found 4-bit register for signal <n8>.
    Found 4-bit register for signal <n9>.
    Found 4-bit 16-to-1 multiplexer for signal <OutR1$mux0000> created at line 47.
    Found 4-bit 16-to-1 multiplexer for signal <OutR2$mux0000> created at line 66.
    Found 4-bit register for signal <RR1>.
    Found 4-bit register for signal <RR2>.
    Found 4-bit register for signal <WData>.
    Found 4-bit register for signal <WR>.
    Summary:
	inferred  88 D-type flip-flop(s).
	inferred   8 Multiplexer(s).
Unit <regfile> synthesized.


=========================================================================
HDL Synthesis Report

Macro Statistics
# Registers                                            : 22
 4-bit register                                        : 22
# Multiplexers                                         : 2
 4-bit 16-to-1 multiplexer                             : 2

=========================================================================

=========================================================================
*                       Advanced HDL Synthesis                          *
=========================================================================


=========================================================================
Advanced HDL Synthesis Report

Macro Statistics
# Registers                                            : 88
 Flip-Flops                                            : 88
# Multiplexers                                         : 8
 1-bit 16-to-1 multiplexer                             : 8

=========================================================================

=========================================================================
*                         Low Level Synthesis                           *
=========================================================================

Optimizing unit <regfile> ...

Mapping all equations...
Building and optimizing final netlist ...
Found area constraint ratio of 100 (+ 5) on block regfile, actual ratio is 1.
FlipFlop RR1_0 has been replicated 1 time(s)
FlipFlop RR2_0 has been replicated 1 time(s)

Final Macro Processing ...

=========================================================================
Final Register Report

Macro Statistics
# Registers                                            : 90
 Flip-Flops                                            : 90

=========================================================================

=========================================================================
*                           Partition Report                            *
=========================================================================

Partition Implementation Status
-------------------------------

  No Partitions were found in this design.

-------------------------------

=========================================================================
*                            Final Report                               *
=========================================================================
Final Results
RTL Top Level Output File Name     : regfile.ngr
Top Level Output File Name         : regfile
Output Format                      : NGC
Optimization Goal                  : Speed
Keep Hierarchy                     : No

Design Statistics
# IOs                              : 18

Cell Usage :
# BELS                             : 142
#      LUT2                        : 1
#      LUT3                        : 66
#      LUT4                        : 17
#      LUT4_D                      : 2
#      MUXF5                       : 32
#      MUXF6                       : 16
#      MUXF7                       : 8
# FlipFlops/Latches                : 90
#      FD                          : 8
#      FDE                         : 82
# Clock Buffers                    : 1
#      BUFGP                       : 1
# IO Buffers                       : 17
#      IBUF                        : 9
#      OBUF                        : 8
=========================================================================

Device utilization summary:
---------------------------

Selected Device : 3s500efg320-4 

 Number of Slices:                       92  out of   4656     1%  
 Number of Slice Flip Flops:             90  out of   9312     0%  
 Number of 4 input LUTs:                 86  out of   9312     0%  
 Number of IOs:                          18
 Number of bonded IOBs:                  18  out of    232     7%  
 Number of GCLKs:                         1  out of     24     4%  

---------------------------
Partition Resource Summary:
---------------------------

  No Partitions were found in this design.

---------------------------


=========================================================================
TIMING REPORT

NOTE: THESE TIMING NUMBERS ARE ONLY A SYNTHESIS ESTIMATE.
      FOR ACCURATE TIMING INFORMATION PLEASE REFER TO THE TRACE REPORT
      GENERATED AFTER PLACE-and-ROUTE.

Clock Information:
------------------
-----------------------------------+------------------------+-------+
Clock Signal                       | Clock buffer(FF name)  | Load  |
-----------------------------------+------------------------+-------+
clk                                | BUFGP                  | 90    |
-----------------------------------+------------------------+-------+

Asynchronous Control Signals Information:
----------------------------------------
No asynchronous control signals found in this design

Timing Summary:
---------------
Speed Grade: -4

   Minimum period: 4.304ns (Maximum Frequency: 232.342MHz)
   Minimum input arrival time before clock: 6.565ns
   Maximum output required time after clock: 4.283ns
   Maximum combinational path delay: No path found

Timing Detail:
--------------
All values displayed in nanoseconds (ns)

=========================================================================
Timing constraint: Default period analysis for Clock 'clk'
  Clock period: 4.304ns (frequency: 232.342MHz)
  Total number of paths / destination ports: 568 / 136
-------------------------------------------------------------------------
Delay:               4.304ns (Levels of Logic = 2)
  Source:            WR_2 (FF)
  Destination:       n2_0 (FF)
  Source Clock:      clk rising
  Destination Clock: clk rising

  Data Path: WR_2 to n2_0
                                Gate     Net
    Cell:in->out      fanout   Delay   Delay  Logical Name (Net Name)
    ----------------------------------------  ------------
     FDE:C->Q              2   0.591   0.451  WR_2 (WR_2)
     LUT4_D:I3->O          7   0.704   0.712  n12_not000111 (N11)
     LUT4:I3->O            4   0.704   0.587  n6_not00011 (n6_not0001)
     FDE:CE                    0.555          n6_0
    ----------------------------------------
    Total                      4.304ns (2.554ns logic, 1.750ns route)
                                       (59.3% logic, 40.7% route)

=========================================================================
Timing constraint: Default OFFSET IN BEFORE for Clock 'clk'
  Total number of paths / destination ports: 381 / 100
-------------------------------------------------------------------------
Offset:              6.565ns (Levels of Logic = 4)
  Source:            setRR1 (PAD)
  Destination:       n2_0 (FF)
  Destination Clock: clk rising

  Data Path: setRR1 to n2_0
                                Gate     Net
    Cell:in->out      fanout   Delay   Delay  Logical Name (Net Name)
    ----------------------------------------  ------------
     IBUF:I->O             9   1.218   0.855  setRR1_IBUF (setRR1_IBUF)
     LUT3:I2->O            2   0.704   0.526  n0_not0001111 (N111)
     LUT4_D:I1->O          7   0.704   0.712  n0_not000121 (N2)
     LUT4:I3->O            4   0.704   0.587  n8_not00011 (n8_not0001)
     FDE:CE                    0.555          n8_0
    ----------------------------------------
    Total                      6.565ns (3.885ns logic, 2.680ns route)
                                       (59.2% logic, 40.8% route)

=========================================================================
Timing constraint: Default OFFSET OUT AFTER for Clock 'clk'
  Total number of paths / destination ports: 8 / 8
-------------------------------------------------------------------------
Offset:              4.283ns (Levels of Logic = 1)
  Source:            OutR1_3 (FF)
  Destination:       OutR1<3> (PAD)
  Source Clock:      clk rising

  Data Path: OutR1_3 to OutR1<3>
                                Gate     Net
    Cell:in->out      fanout   Delay   Delay  Logical Name (Net Name)
    ----------------------------------------  ------------
     FD:C->Q               1   0.591   0.420  OutR1_3 (OutR1_3)
     OBUF:I->O                 3.272          OutR1_3_OBUF (OutR1<3>)
    ----------------------------------------
    Total                      4.283ns (3.863ns logic, 0.420ns route)
                                       (90.2% logic, 9.8% route)

=========================================================================


Total REAL time to Xst completion: 6.00 secs
Total CPU time to Xst completion: 5.91 secs
 
--> 

Total memory usage is 305968 kilobytes

Number of errors   :    0 (   0 filtered)
Number of warnings :    0 (   0 filtered)
Number of infos    :    0 (   0 filtered)

